<?xml version="1.0" encoding="UTF-8"?>
<!-- Generated by org.testng.reporters.JUnitXMLReporter -->
<testsuite ignored="6" hostname="DESKTOP-3CSQIQH" failures="1" tests="8" name="Test" time="329.153" errors="0" timestamp="2025-09-24T14:22:15 IST">
  <testcase classname="Whippets.com.Admin.Product_module" name="Product_Add" time="25.747"/>
  <testcase classname="Whippets.com.Admin.Product_module" name="Product_Add" time="15.176">
    <failure type="org.openqa.selenium.NoSuchElementException" message="Cannot locate option with text: Pack of 8
For documentation on this error, please visit: https://www.selenium.dev/documentation/webdriver/troubleshooting/errors#no-such-element-exception
Build info: version: &amp;apos;4.34.0&amp;apos;, revision: &amp;apos;707dcb4246*&amp;apos;
System info: os.name: &amp;apos;Windows 10&amp;apos;, os.arch: &amp;apos;amd64&amp;apos;, os.version: &amp;apos;10.0&amp;apos;, java.version: &amp;apos;23.0.2&amp;apos;
Driver info: driver.version: unknown">
      <![CDATA[org.openqa.selenium.NoSuchElementException: Cannot locate option with text: Pack of 8
For documentation on this error, please visit: https://www.selenium.dev/documentation/webdriver/troubleshooting/errors#no-such-element-exception
Build info: version: '4.34.0', revision: '707dcb4246*'
System info: os.name: 'Windows 10', os.arch: 'amd64', os.version: '10.0', java.version: '23.0.2'
Driver info: driver.version: unknown
at org.openqa.selenium.support.ui.Select.selectByVisibleText(Select.java:167)
at Whippets.com.Admin.Product_module.Product_Add(Product_module.java:160)
at java.base/java.util.ArrayList.forEach(ArrayList.java:1597)
... Removed 25 stack frames]]>
    </failure>
  </testcase> <!-- Product_Add -->
  <testcase classname="Whippets.com.Admin.Product_module" name="Product_Add" time="25.643"/>
  <testcase classname="Whippets.com.Admin.Product_module" name="Product_Add" time="33.458"/>
  <testcase classname="Whippets.com.Admin.Product_module" name="product_Edit" time="52.819"/>
  <testcase classname="Whippets.com.Admin.Product_module" name="product_Edit" time="52.895"/>
  <testcase classname="Whippets.com.Admin.Product_module" name="product_Edit" time="54.893"/>
  <testcase classname="Whippets.com.Admin.Product_module" name="product_Edit" time="58.71"/>
  <testcase classname="Whippets.com.Admin.Product_module" name="Added_Product_search_and_delete" time="0.0">
    <ignored/>
  </testcase> <!-- Added_Product_search_and_delete -->
  <testcase classname="Whippets.com.Admin.Product_module" name="product_delete" time="0.0">
    <ignored/>
  </testcase> <!-- product_delete -->
  <testcase classname="Whippets.com.Admin.Side_Menu_options_Accessor" name="side_menu" time="0.0">
    <ignored/>
  </testcase> <!-- side_menu -->
  <testcase classname="Whippets.com.Admin.Product_module" name="product_list_count_Check_with_Dashboard" time="0.0">
    <ignored/>
  </testcase> <!-- product_list_count_Check_with_Dashboard -->
  <testcase classname="Whippets.com.Admin.Product_module" name="Duplicate_value_checker" time="0.0">
    <ignored/>
  </testcase> <!-- Duplicate_value_checker -->
  <testcase classname="Whippets.com.Admin.Product_module" name="Product_list_Accessor" time="0.0">
    <ignored/>
  </testcase> <!-- Product_list_Accessor -->
</testsuite> <!-- Test -->
