<!DOCTYPE html PUBLIC "-//W3C//DTD XHTML 1.1//EN" "https://www.w3.org/TR/xhtml11/DTD/xhtml11.dtd">
<html xmlns="https://www.w3.org/1999/xhtml">
<head>
<meta http-equiv="content-type" content="text/html; charset=UTF-8"/>
<title>TestNG Report</title>
<style type="text/css">table {margin-bottom:10px;border-collapse:collapse;empty-cells:show}th,td {border:1px solid #009;padding:.25em .5em}th {vertical-align:bottom}td {vertical-align:top}table a {font-weight:bold}.stripe td {background-color: #E6EBF9}.num {text-align:right}.passedodd td {background-color: #3F3}.passedeven td {background-color: #0A0}.skippedodd td {background-color: #DDD}.skippedeven td {background-color: #CCC}.failedodd td,.attn {background-color: #F33}.failedeven td,.stripe .attn {background-color: #D00}.stacktrace {white-space:pre;font-family:monospace}.totop {font-size:85%;text-align:center;border-bottom:2px solid #000}.invisible {display:none}</style>
</head>
<body>
<table>
<tr><th>Test</th><th># Passed</th><th># Skipped</th><th># Retried</th><th># Failed</th><th>Time (ms)</th><th>Included Groups</th><th>Excluded Groups</th></tr>
<tr><th colspan="8">Default suite</th></tr>
<tr><td><a href="#t0">Default test</a></td><td class="num">6</td><td class="num">0</td><td class="num">0</td><td class="num attn">4</td><td class="num">562,190</td><td></td><td></td></tr>
</table>
<table id='summary'><thead><tr><th>Class</th><th>Method</th><th>Start</th><th>Time (ms)</th></tr></thead><tbody><tr><th colspan="4">Default suite</th></tr></tbody><tbody id="t0"><tr><th colspan="4">Default test &#8212; failed</th></tr><tr class="failedeven"><td rowspan="4">Whippets.com.Admin.Customer_Module</td><td><a href="#m0">customer_edit_check</a></td><td rowspan="4">1758725430034</td><td rowspan="4">32157</td></tr><tr class="failedeven"><td><a href="#m1">customer_edit_check</a></td></tr><tr class="failedeven"><td><a href="#m2">customer_edit_check</a></td></tr><tr class="failedeven"><td><a href="#m3">customer_edit_check</a></td></tr><tr><th colspan="4">Default test &#8212; passed</th></tr><tr class="passedeven"><td rowspan="6">Whippets.com.Admin.Customer_Module</td><td><a href="#m4">customer_edit_check</a></td><td rowspan="6">1758725064707</td><td rowspan="6">48322</td></tr><tr class="passedeven"><td><a href="#m5">customer_edit_check</a></td></tr><tr class="passedeven"><td><a href="#m6">customer_edit_check</a></td></tr><tr class="passedeven"><td><a href="#m7">customer_edit_check</a></td></tr><tr class="passedeven"><td><a href="#m8">customer_edit_check</a></td></tr><tr class="passedeven"><td><a href="#m9">customer_edit_check</a></td></tr></tbody>
</table>
<h2>Default test</h2><h3 id="m0">Whippets.com.Admin.Customer_Module#customer_edit_check</h3><table class="result"><tr class="param"><th>Parameter #1</th></tr><tr class="param stripe"><td>{Address=9 Macquarie Street, Sydney, NSW, Email=chloe.white589@yopmail.com, First Name=Chloe, Last Name=White, Phone=+61-428012345, Profile Image=C:\Users\PC-129\OneDrive\Documents\NetBeansProjects\Whippitz\Customer Photos\Chloe.png, Status=Inactive}</td></tr><tr><th>Exception</th></tr><tr><td><div class="stacktrace">org.openqa.selenium.TimeoutException: Expected condition failed: waiting for visibility of all [] (tried for 5 second(s) with 500 milliseconds interval)
Build info: version: &apos;4.34.0&apos;, revision: &apos;707dcb4246*&apos;
System info: os.name: &apos;Windows 10&apos;, os.arch: &apos;amd64&apos;, os.version: &apos;10.0&apos;, java.version: &apos;23.0.2&apos;
Driver info: org.openqa.selenium.chrome.ChromeDriver
Capabilities {acceptInsecureCerts: false, browserName: chrome, browserVersion: 140.0.7339.128, chrome: {chromedriverVersion: 140.0.7339.207 (17230b545fd..., userDataDir: C:\Users\PC-129\AppData\Loc...}, fedcm:accounts: true, goog:chromeOptions: {debuggerAddress: localhost:57333}, networkConnectionEnabled: false, pageLoadStrategy: normal, platformName: windows, proxy: Proxy(), se:cdp: ws://localhost:57333/devtoo..., se:cdpVersion: 140.0.7339.128, setWindowRect: true, strictFileInteractability: false, timeouts: {implicit: 0, pageLoad: 300000, script: 30000}, unhandledPromptBehavior: dismiss and notify, webauthn:extension:credBlob: true, webauthn:extension:largeBlob: true, webauthn:extension:minPinLength: true, webauthn:extension:prf: true, webauthn:virtualAuthenticators: true}
Session ID: f69837b14adf4c83d97e3fe6add885b2
	at org.openqa.selenium.support.ui.WebDriverWait.timeoutException(WebDriverWait.java:84)
	at org.openqa.selenium.support.ui.FluentWait.until(FluentWait.java:228)
	at Repeative_codes.Generic_codes.WebElementWait(Generic_codes.java:45)
	at Locaters.Customer_module_locaters.Customer_email(Customer_module_locaters.java:117)
	at Whippets.com.Admin.Customer_Module.customer_search_and_edit_Button_click(Customer_Module.java:439)
	at Whippets.com.Admin.Customer_Module.customer_edit_check(Customer_Module.java:271)
	at java.base/jdk.internal.reflect.DirectMethodHandleAccessor.invoke(DirectMethodHandleAccessor.java:103)
	at java.base/java.lang.reflect.Method.invoke(Method.java:580)
	at org.testng.internal.invokers.MethodInvocationHelper.invokeMethod(MethodInvocationHelper.java:141)
	at org.testng.internal.invokers.TestInvoker.invokeMethod(TestInvoker.java:687)
	at org.testng.internal.invokers.TestInvoker.invokeTestMethod(TestInvoker.java:230)
	at org.testng.internal.invokers.MethodRunner.runInSequence(MethodRunner.java:63)
	at org.testng.internal.invokers.TestInvoker$MethodInvocationAgent.invoke(TestInvoker.java:995)
	at org.testng.internal.invokers.TestInvoker.invokeTestMethods(TestInvoker.java:203)
	at org.testng.internal.invokers.TestMethodWorker.invokeTestMethods(TestMethodWorker.java:154)
	at org.testng.internal.invokers.TestMethodWorker.run(TestMethodWorker.java:134)
	at java.base/java.util.ArrayList.forEach(ArrayList.java:1597)
	at org.testng.TestRunner.privateRun(TestRunner.java:741)
	at org.testng.TestRunner.run(TestRunner.java:616)
	at org.testng.SuiteRunner.runTest(SuiteRunner.java:421)
	at org.testng.SuiteRunner.runSequentially(SuiteRunner.java:413)
	at org.testng.SuiteRunner.privateRun(SuiteRunner.java:373)
	at org.testng.SuiteRunner.run(SuiteRunner.java:312)
	at org.testng.SuiteRunnerWorker.runSuite(SuiteRunnerWorker.java:52)
	at org.testng.SuiteRunnerWorker.run(SuiteRunnerWorker.java:95)
	at org.testng.TestNG.runSuitesSequentially(TestNG.java:1274)
	at org.testng.TestNG.runSuitesLocally(TestNG.java:1208)
	at org.testng.TestNG.runSuites(TestNG.java:1112)
	at org.testng.TestNG.run(TestNG.java:1079)
	at org.testng.remote.AbstractRemoteTestNG.run(AbstractRemoteTestNG.java:115)
	at org.testng.remote.RemoteTestNG.initAndRun(RemoteTestNG.java:293)
	at org.testng.remote.RemoteTestNG.main(RemoteTestNG.java:91)
</div></td></tr></table><p class="totop"><a href="#summary">back to summary</a></p>
<h3 id="m1">Whippets.com.Admin.Customer_Module#customer_edit_check</h3><table class="result"><tr class="param"><th>Parameter #1</th></tr><tr class="param stripe"><td>{Address=57 St Georges Terrace, Perth, WA, Email=ella.parker781@yopmail.com, First Name=Ella, Last Name=Parker, Phone=+61-430234567, Profile Image=C:\Users\PC-129\OneDrive\Documents\NetBeansProjects\Whippitz\Customer Photos\Ella.png, Status=Inactive}</td></tr><tr><th>Exception</th></tr><tr><td><div class="stacktrace">org.openqa.selenium.TimeoutException: Expected condition failed: waiting for visibility of all [] (tried for 5 second(s) with 500 milliseconds interval)
Build info: version: &apos;4.34.0&apos;, revision: &apos;707dcb4246*&apos;
System info: os.name: &apos;Windows 10&apos;, os.arch: &apos;amd64&apos;, os.version: &apos;10.0&apos;, java.version: &apos;23.0.2&apos;
Driver info: org.openqa.selenium.chrome.ChromeDriver
Capabilities {acceptInsecureCerts: false, browserName: chrome, browserVersion: 140.0.7339.128, chrome: {chromedriverVersion: 140.0.7339.207 (17230b545fd..., userDataDir: C:\Users\PC-129\AppData\Loc...}, fedcm:accounts: true, goog:chromeOptions: {debuggerAddress: localhost:57431}, networkConnectionEnabled: false, pageLoadStrategy: normal, platformName: windows, proxy: Proxy(), se:cdp: ws://localhost:57431/devtoo..., se:cdpVersion: 140.0.7339.128, setWindowRect: true, strictFileInteractability: false, timeouts: {implicit: 0, pageLoad: 300000, script: 30000}, unhandledPromptBehavior: dismiss and notify, webauthn:extension:credBlob: true, webauthn:extension:largeBlob: true, webauthn:extension:minPinLength: true, webauthn:extension:prf: true, webauthn:virtualAuthenticators: true}
Session ID: c310e716a654348642048e64ba7c39f5
	at org.openqa.selenium.support.ui.WebDriverWait.timeoutException(WebDriverWait.java:84)
	at org.openqa.selenium.support.ui.FluentWait.until(FluentWait.java:228)
	at Repeative_codes.Generic_codes.WebElementWait(Generic_codes.java:45)
	at Locaters.Customer_module_locaters.Customer_email(Customer_module_locaters.java:117)
	at Whippets.com.Admin.Customer_Module.customer_search_and_edit_Button_click(Customer_Module.java:439)
	at Whippets.com.Admin.Customer_Module.customer_edit_check(Customer_Module.java:271)
	at java.base/jdk.internal.reflect.DirectMethodHandleAccessor.invoke(DirectMethodHandleAccessor.java:103)
	at java.base/java.lang.reflect.Method.invoke(Method.java:580)
	at org.testng.internal.invokers.MethodInvocationHelper.invokeMethod(MethodInvocationHelper.java:141)
	at org.testng.internal.invokers.TestInvoker.invokeMethod(TestInvoker.java:687)
	at org.testng.internal.invokers.TestInvoker.invokeTestMethod(TestInvoker.java:230)
	at org.testng.internal.invokers.MethodRunner.runInSequence(MethodRunner.java:63)
	at org.testng.internal.invokers.TestInvoker$MethodInvocationAgent.invoke(TestInvoker.java:995)
	at org.testng.internal.invokers.TestInvoker.invokeTestMethods(TestInvoker.java:203)
	at org.testng.internal.invokers.TestMethodWorker.invokeTestMethods(TestMethodWorker.java:154)
	at org.testng.internal.invokers.TestMethodWorker.run(TestMethodWorker.java:134)
	at java.base/java.util.ArrayList.forEach(ArrayList.java:1597)
	at org.testng.TestRunner.privateRun(TestRunner.java:741)
	at org.testng.TestRunner.run(TestRunner.java:616)
	at org.testng.SuiteRunner.runTest(SuiteRunner.java:421)
	at org.testng.SuiteRunner.runSequentially(SuiteRunner.java:413)
	at org.testng.SuiteRunner.privateRun(SuiteRunner.java:373)
	at org.testng.SuiteRunner.run(SuiteRunner.java:312)
	at org.testng.SuiteRunnerWorker.runSuite(SuiteRunnerWorker.java:52)
	at org.testng.SuiteRunnerWorker.run(SuiteRunnerWorker.java:95)
	at org.testng.TestNG.runSuitesSequentially(TestNG.java:1274)
	at org.testng.TestNG.runSuitesLocally(TestNG.java:1208)
	at org.testng.TestNG.runSuites(TestNG.java:1112)
	at org.testng.TestNG.run(TestNG.java:1079)
	at org.testng.remote.AbstractRemoteTestNG.run(AbstractRemoteTestNG.java:115)
	at org.testng.remote.RemoteTestNG.initAndRun(RemoteTestNG.java:293)
	at org.testng.remote.RemoteTestNG.main(RemoteTestNG.java:91)
</div></td></tr></table><p class="totop"><a href="#summary">back to summary</a></p>
<h3 id="m2">Whippets.com.Admin.Customer_Module#customer_edit_check</h3><table class="result"><tr class="param"><th>Parameter #1</th></tr><tr class="param stripe"><td>{Address=22 Mitchell Street, Darwin, NT, Email=henry.thompson437@yopmail.com, First Name=Henry, Last Name=Thompson, Phone=+61-427901234, Profile Image=C:\Users\PC-129\OneDrive\Documents\NetBeansProjects\Whippitz\Customer Photos\Thompson.png, Status=Active}</td></tr><tr><th>Exception</th></tr><tr><td><div class="stacktrace">org.openqa.selenium.TimeoutException: Expected condition failed: waiting for visibility of all [] (tried for 5 second(s) with 500 milliseconds interval)
Build info: version: &apos;4.34.0&apos;, revision: &apos;707dcb4246*&apos;
System info: os.name: &apos;Windows 10&apos;, os.arch: &apos;amd64&apos;, os.version: &apos;10.0&apos;, java.version: &apos;23.0.2&apos;
Driver info: org.openqa.selenium.chrome.ChromeDriver
Capabilities {acceptInsecureCerts: false, browserName: chrome, browserVersion: 140.0.7339.128, chrome: {chromedriverVersion: 140.0.7339.207 (17230b545fd..., userDataDir: C:\Users\PC-129\AppData\Loc...}, fedcm:accounts: true, goog:chromeOptions: {debuggerAddress: localhost:57239}, networkConnectionEnabled: false, pageLoadStrategy: normal, platformName: windows, proxy: Proxy(), se:cdp: ws://localhost:57239/devtoo..., se:cdpVersion: 140.0.7339.128, setWindowRect: true, strictFileInteractability: false, timeouts: {implicit: 0, pageLoad: 300000, script: 30000}, unhandledPromptBehavior: dismiss and notify, webauthn:extension:credBlob: true, webauthn:extension:largeBlob: true, webauthn:extension:minPinLength: true, webauthn:extension:prf: true, webauthn:virtualAuthenticators: true}
Session ID: 3692bf0991f9607706ad4b705b86664e
	at org.openqa.selenium.support.ui.WebDriverWait.timeoutException(WebDriverWait.java:84)
	at org.openqa.selenium.support.ui.FluentWait.until(FluentWait.java:228)
	at Repeative_codes.Generic_codes.WebElementWait(Generic_codes.java:45)
	at Locaters.Customer_module_locaters.Customer_email(Customer_module_locaters.java:117)
	at Whippets.com.Admin.Customer_Module.customer_search_and_edit_Button_click(Customer_Module.java:439)
	at Whippets.com.Admin.Customer_Module.customer_edit_check(Customer_Module.java:271)
	at java.base/jdk.internal.reflect.DirectMethodHandleAccessor.invoke(DirectMethodHandleAccessor.java:103)
	at java.base/java.lang.reflect.Method.invoke(Method.java:580)
	at org.testng.internal.invokers.MethodInvocationHelper.invokeMethod(MethodInvocationHelper.java:141)
	at org.testng.internal.invokers.TestInvoker.invokeMethod(TestInvoker.java:687)
	at org.testng.internal.invokers.TestInvoker.invokeTestMethod(TestInvoker.java:230)
	at org.testng.internal.invokers.MethodRunner.runInSequence(MethodRunner.java:63)
	at org.testng.internal.invokers.TestInvoker$MethodInvocationAgent.invoke(TestInvoker.java:995)
	at org.testng.internal.invokers.TestInvoker.invokeTestMethods(TestInvoker.java:203)
	at org.testng.internal.invokers.TestMethodWorker.invokeTestMethods(TestMethodWorker.java:154)
	at org.testng.internal.invokers.TestMethodWorker.run(TestMethodWorker.java:134)
	at java.base/java.util.ArrayList.forEach(ArrayList.java:1597)
	at org.testng.TestRunner.privateRun(TestRunner.java:741)
	at org.testng.TestRunner.run(TestRunner.java:616)
	at org.testng.SuiteRunner.runTest(SuiteRunner.java:421)
	at org.testng.SuiteRunner.runSequentially(SuiteRunner.java:413)
	at org.testng.SuiteRunner.privateRun(SuiteRunner.java:373)
	at org.testng.SuiteRunner.run(SuiteRunner.java:312)
	at org.testng.SuiteRunnerWorker.runSuite(SuiteRunnerWorker.java:52)
	at org.testng.SuiteRunnerWorker.run(SuiteRunnerWorker.java:95)
	at org.testng.TestNG.runSuitesSequentially(TestNG.java:1274)
	at org.testng.TestNG.runSuitesLocally(TestNG.java:1208)
	at org.testng.TestNG.runSuites(TestNG.java:1112)
	at org.testng.TestNG.run(TestNG.java:1079)
	at org.testng.remote.AbstractRemoteTestNG.run(AbstractRemoteTestNG.java:115)
	at org.testng.remote.RemoteTestNG.initAndRun(RemoteTestNG.java:293)
	at org.testng.remote.RemoteTestNG.main(RemoteTestNG.java:91)
</div></td></tr></table><p class="totop"><a href="#summary">back to summary</a></p>
<h3 id="m3">Whippets.com.Admin.Customer_Module#customer_edit_check</h3><table class="result"><tr class="param"><th>Parameter #1</th></tr><tr class="param stripe"><td>{Address=33 Swanston Street, Melbourne, VIC, Email=lucas.king673@yopmail.com, First Name=Lucas, Last Name=King, Phone=+61-429123456, Profile Image=C:\Users\PC-129\OneDrive\Documents\NetBeansProjects\Whippitz\Customer Photos\Lucas.png, Status=Active}</td></tr><tr><th>Exception</th></tr><tr><td><div class="stacktrace">org.openqa.selenium.TimeoutException: Expected condition failed: waiting for visibility of all [] (tried for 5 second(s) with 500 milliseconds interval)
Build info: version: &apos;4.34.0&apos;, revision: &apos;707dcb4246*&apos;
System info: os.name: &apos;Windows 10&apos;, os.arch: &apos;amd64&apos;, os.version: &apos;10.0&apos;, java.version: &apos;23.0.2&apos;
Driver info: org.openqa.selenium.chrome.ChromeDriver
Capabilities {acceptInsecureCerts: false, browserName: chrome, browserVersion: 140.0.7339.128, chrome: {chromedriverVersion: 140.0.7339.207 (17230b545fd..., userDataDir: C:\Users\PC-129\AppData\Loc...}, fedcm:accounts: true, goog:chromeOptions: {debuggerAddress: localhost:57382}, networkConnectionEnabled: false, pageLoadStrategy: normal, platformName: windows, proxy: Proxy(), se:cdp: ws://localhost:57382/devtoo..., se:cdpVersion: 140.0.7339.128, setWindowRect: true, strictFileInteractability: false, timeouts: {implicit: 0, pageLoad: 300000, script: 30000}, unhandledPromptBehavior: dismiss and notify, webauthn:extension:credBlob: true, webauthn:extension:largeBlob: true, webauthn:extension:minPinLength: true, webauthn:extension:prf: true, webauthn:virtualAuthenticators: true}
Session ID: ef26a452c24788927013b75cae7fd9b2
	at org.openqa.selenium.support.ui.WebDriverWait.timeoutException(WebDriverWait.java:84)
	at org.openqa.selenium.support.ui.FluentWait.until(FluentWait.java:228)
	at Repeative_codes.Generic_codes.WebElementWait(Generic_codes.java:45)
	at Locaters.Customer_module_locaters.Customer_email(Customer_module_locaters.java:117)
	at Whippets.com.Admin.Customer_Module.customer_search_and_edit_Button_click(Customer_Module.java:439)
	at Whippets.com.Admin.Customer_Module.customer_edit_check(Customer_Module.java:271)
	at java.base/jdk.internal.reflect.DirectMethodHandleAccessor.invoke(DirectMethodHandleAccessor.java:103)
	at java.base/java.lang.reflect.Method.invoke(Method.java:580)
	at org.testng.internal.invokers.MethodInvocationHelper.invokeMethod(MethodInvocationHelper.java:141)
	at org.testng.internal.invokers.TestInvoker.invokeMethod(TestInvoker.java:687)
	at org.testng.internal.invokers.TestInvoker.invokeTestMethod(TestInvoker.java:230)
	at org.testng.internal.invokers.MethodRunner.runInSequence(MethodRunner.java:63)
	at org.testng.internal.invokers.TestInvoker$MethodInvocationAgent.invoke(TestInvoker.java:995)
	at org.testng.internal.invokers.TestInvoker.invokeTestMethods(TestInvoker.java:203)
	at org.testng.internal.invokers.TestMethodWorker.invokeTestMethods(TestMethodWorker.java:154)
	at org.testng.internal.invokers.TestMethodWorker.run(TestMethodWorker.java:134)
	at java.base/java.util.ArrayList.forEach(ArrayList.java:1597)
	at org.testng.TestRunner.privateRun(TestRunner.java:741)
	at org.testng.TestRunner.run(TestRunner.java:616)
	at org.testng.SuiteRunner.runTest(SuiteRunner.java:421)
	at org.testng.SuiteRunner.runSequentially(SuiteRunner.java:413)
	at org.testng.SuiteRunner.privateRun(SuiteRunner.java:373)
	at org.testng.SuiteRunner.run(SuiteRunner.java:312)
	at org.testng.SuiteRunnerWorker.runSuite(SuiteRunnerWorker.java:52)
	at org.testng.SuiteRunnerWorker.run(SuiteRunnerWorker.java:95)
	at org.testng.TestNG.runSuitesSequentially(TestNG.java:1274)
	at org.testng.TestNG.runSuitesLocally(TestNG.java:1208)
	at org.testng.TestNG.runSuites(TestNG.java:1112)
	at org.testng.TestNG.run(TestNG.java:1079)
	at org.testng.remote.AbstractRemoteTestNG.run(AbstractRemoteTestNG.java:115)
	at org.testng.remote.RemoteTestNG.initAndRun(RemoteTestNG.java:293)
	at org.testng.remote.RemoteTestNG.main(RemoteTestNG.java:91)
</div></td></tr></table><p class="totop"><a href="#summary">back to summary</a></p>
<h3 id="m4">Whippets.com.Admin.Customer_Module#customer_edit_check</h3><table class="result"><tr class="param"><th>Parameter #1</th></tr><tr class="param stripe"><td>{Address=45 Adelaide Terrace, Perth, WA, Email=noah.harris614@yopmail.com, First Name=Noah, Last Name=Harris, Phone=+61-423567890, Profile Image=C:\Users\PC-129\OneDrive\Documents\NetBeansProjects\Whippitz\Customer Photos\Noah.png, Status=Active}</td></tr></table><p class="totop"><a href="#summary">back to summary</a></p>
<h3 id="m5">Whippets.com.Admin.Customer_Module#customer_edit_check</h3><table class="result"><tr class="param"><th>Parameter #1</th></tr><tr class="param stripe"><td>{Address=12 George Street, Sydney, NSW, Email=liam.williams431@yopmail.com, First Name=Liam, Last Name=Williams, Phone=+61-421345678, Profile Image=C:\Users\PC-129\OneDrive\Documents\NetBeansProjects\Whippitz\Customer Photos\Liam Williams.png, Status=Active}</td></tr></table><p class="totop"><a href="#summary">back to summary</a></p>
<h3 id="m6">Whippets.com.Admin.Customer_Module#customer_edit_check</h3><table class="result"><tr class="param"><th>Parameter #1</th></tr><tr class="param stripe"><td>{Address=76 Murray Street, Hobart, TAS, Email=jack.robinson845@yopmail.com, First Name=Jack, Last Name=Robinson, Phone=+61-425789012, Profile Image=C:\Users\PC-129\OneDrive\Documents\NetBeansProjects\Whippitz\Customer Photos\Jack.png, Status=Active}</td></tr></table><p class="totop"><a href="#summary">back to summary</a></p>
<h3 id="m7">Whippets.com.Admin.Customer_Module#customer_edit_check</h3><table class="result"><tr class="param"><th>Parameter #1</th></tr><tr class="param stripe"><td>{Address=14 North Terrace, Adelaide, SA, Email=grace.edwards963@yopmail.com, First Name=Grace, Last Name=Edwards, Phone=+61-426890123, Profile Image=C:\Users\PC-129\OneDrive\Documents\NetBeansProjects\Whippitz\Customer Photos\Henry.png, Status=Inactive}</td></tr></table><p class="totop"><a href="#summary">back to summary</a></p>
<h3 id="m8">Whippets.com.Admin.Customer_Module#customer_edit_check</h3><table class="result"><tr class="param"><th>Parameter #1</th></tr><tr class="param stripe"><td>{Address=85 Collins Street, Melbourne, VIC, Email=olivia.brown527@yopmail.com, First Name=Olivia, Last Name=Brown, Phone=+61-422456789, Profile Image=C:\Users\PC-129\OneDrive\Documents\NetBeansProjects\Whippitz\Customer Photos\Olivia Brown.png, Status=Inactive}</td></tr></table><p class="totop"><a href="#summary">back to summary</a></p>
<h3 id="m9">Whippets.com.Admin.Customer_Module#customer_edit_check</h3><table class="result"><tr class="param"><th>Parameter #1</th></tr><tr class="param stripe"><td>{Address=39 Elizabeth Street, Brisbane, QLD, Email=isla.mitchell732@yopmail.com, First Name=Isla, Last Name=Mitchell, Phone=+61-424678901, Profile Image=C:\Users\PC-129\OneDrive\Documents\NetBeansProjects\Whippitz\Customer Photos\Isla.png, Status=Inactive}</td></tr></table><p class="totop"><a href="#summary">back to summary</a></p>
</body>
</html>
